develop.dws6rs3fo7nzq.amplifyapp.com/:1          GET https://develop.dws6rs3fo7nzq.amplifyapp.com/app/purchases/ticket-library/ 404
VM7026:1          GET https://api.develop.greensparksoftware.com/permissions net::ERR_CERT_COMMON_NAME_INVALID
(anonymous) @ VM7026:1
t.<computed>.t.<computed> @ utils.js:100
(anonymous) @ chainPropTypes.js:158
E @ inheritsLoose.js:165
(anonymous) @ inheritsLoose.js:258
(anonymous) @ inheritsLoose.js:23
(anonymous) @ inheritsLoose.js:4
o @ inheritsLoose.js:70
Promise.then (async)
s @ inheritsLoose.js:84
(anonymous) @ inheritsLoose.js:85
S @ inheritsLoose.js:67
(anonymous) @ inheritsLoose.js:215
(anonymous) @ inheritsLoose.js:655
(anonymous) @ inheritsLoose.js:23
(anonymous) @ inheritsLoose.js:4
(anonymous) @ inheritsLoose.js:85
S @ inheritsLoose.js:67
f @ inheritsLoose.js:637
(anonymous) @ dinero.js:1112
(anonymous) @ dinero.js:38
(anonymous) @ dinero.js:19
(anonymous) @ dinero.js:87
(anonymous) @ dinero.js:69
P.Object.assign.pending @ dinero.js:1095
(anonymous) @ redux-toolkit.esm.js:16
dispatch @ MenuItem.js:691
(anonymous) @ inheritsLoose.js:1472
(anonymous) @ redux-toolkit.esm.js:16
(anonymous) @ ReactPropTypesSecret.js:106
Lu @ react-is.production.min.js:262
t.unstable_runWithPriority @ index.js:18
Ki @ react-is.production.min.js:122
Iu @ react-is.production.min.js:261
yu @ react-is.production.min.js:243
(anonymous) @ react-is.production.min.js:123
t.unstable_runWithPriority @ index.js:18
Ki @ react-is.production.min.js:122
Yi @ react-is.production.min.js:123
$i @ react-is.production.min.js:122
pu @ react-is.production.min.js:237
Da @ react-is.production.min.js:170
(anonymous) @ TabScrollButton.js:42
(anonymous) @ 3.bce02449.chunk.js:2
(anonymous) @ 3.bce02449.chunk.js:2
a @ 3.bce02449.chunk.js:2
Promise.then (async)
u @ 3.bce02449.chunk.js:2
(anonymous) @ 3.bce02449.chunk.js:2
k @ 3.bce02449.chunk.js:2
(anonymous) @ 3.bce02449.chunk.js:2
(anonymous) @ TabScrollButton.js:28
Lu @ react-is.production.min.js:262
t.unstable_runWithPriority @ index.js:18
Ki @ react-is.production.min.js:122
Iu @ react-is.production.min.js:261
yu @ react-is.production.min.js:243
(anonymous) @ react-is.production.min.js:123
t.unstable_runWithPriority @ index.js:18
Ki @ react-is.production.min.js:122
Yi @ react-is.production.min.js:123
$i @ react-is.production.min.js:122
wu @ react-is.production.min.js:244
notify @ Subscription.js:19
t.notifyNestedSubs @ Subscription.js:90
t.handleChangeWrapper @ Subscription.js:95
g @ MenuItem.js:296
(anonymous) @ inheritsLoose.js:1326
(anonymous) @ inheritsLoose.js:1224
(anonymous) @ inheritsLoose.js:1184
(anonymous) @ inheritsLoose.js:1098
(anonymous) @ inheritsLoose.js:1047
(anonymous) @ inheritsLoose.js:1009
(anonymous) @ inheritsLoose.js:1384
(anonymous) @ inheritsLoose.js:1418
(anonymous) @ redux-toolkit.esm.js:20
dispatch @ MenuItem.js:691
(anonymous) @ dinero.js:1144
(anonymous) @ dinero.js:38
(anonymous) @ dinero.js:19
n @ dinero.js:72
Promise.then (async)
i @ dinero.js:86
(anonymous) @ dinero.js:87
(anonymous) @ dinero.js:69
P.Object.assign.pending @ dinero.js:1095
(anonymous) @ redux-toolkit.esm.js:16
(anonymous) @ App.js:128
(anonymous) @ App.js:170
l @ hmac.js:63
(anonymous) @ hmac.js:293
(anonymous) @ hmac.js:118
r @ objectWithoutProperties.js:3
s @ objectWithoutProperties.js:25
(anonymous) @ objectWithoutProperties.js:32
(anonymous) @ objectWithoutProperties.js:21
(anonymous) @ listItemTextClasses.js:11
Lu @ react-is.production.min.js:262
t.unstable_runWithPriority @ index.js:18
Ki @ react-is.production.min.js:122
Iu @ react-is.production.min.js:261
yu @ react-is.production.min.js:243
(anonymous) @ react-is.production.min.js:123
t.unstable_runWithPriority @ index.js:18
Ki @ react-is.production.min.js:122
Yi @ react-is.production.min.js:123
$i @ react-is.production.min.js:122
Su @ react-is.production.min.js:244
ac @ react-is.production.min.js:289
t.render @ react-is.production.min.js:296
996 @ index.js:32
a @ (index):1
r @ (index):1
t @ (index):1
(anonymous) @ main.f0488a1b.chunk.js:1
Show 82 more frames
VM7026:1          GET https://api.develop.greensparksoftware.com/organization net::ERR_CERT_COMMON_NAME_INVALID
(anonymous) @ VM7026:1
t.<computed>.t.<computed> @ utils.js:100
(anonymous) @ chainPropTypes.js:158
E @ inheritsLoose.js:165
(anonymous) @ inheritsLoose.js:258
(anonymous) @ inheritsLoose.js:23
(anonymous) @ inheritsLoose.js:4
o @ inheritsLoose.js:70
Promise.then (async)
s @ inheritsLoose.js:84
(anonymous) @ inheritsLoose.js:85
S @ inheritsLoose.js:67
(anonymous) @ inheritsLoose.js:215
(anonymous) @ inheritsLoose.js:655
(anonymous) @ inheritsLoose.js:23
(anonymous) @ inheritsLoose.js:4
(anonymous) @ inheritsLoose.js:85
S @ inheritsLoose.js:67
f @ inheritsLoose.js:637
(anonymous) @ dinero.js:1112
(anonymous) @ dinero.js:38
(anonymous) @ dinero.js:19
(anonymous) @ dinero.js:87
(anonymous) @ dinero.js:69
P.Object.assign.pending @ dinero.js:1095
(anonymous) @ redux-toolkit.esm.js:16
dispatch @ MenuItem.js:691
(anonymous) @ inheritsLoose.js:1472
(anonymous) @ redux-toolkit.esm.js:16
(anonymous) @ ReactPropTypesSecret.js:106
Lu @ react-is.production.min.js:262
t.unstable_runWithPriority @ index.js:18
Ki @ react-is.production.min.js:122
Iu @ react-is.production.min.js:261
yu @ react-is.production.min.js:243
(anonymous) @ react-is.production.min.js:123
t.unstable_runWithPriority @ index.js:18
Ki @ react-is.production.min.js:122
Yi @ react-is.production.min.js:123
$i @ react-is.production.min.js:122
pu @ react-is.production.min.js:237
Da @ react-is.production.min.js:170
(anonymous) @ TabScrollButton.js:42
(anonymous) @ 3.bce02449.chunk.js:2
(anonymous) @ 3.bce02449.chunk.js:2
a @ 3.bce02449.chunk.js:2
Promise.then (async)
u @ 3.bce02449.chunk.js:2
(anonymous) @ 3.bce02449.chunk.js:2
k @ 3.bce02449.chunk.js:2
(anonymous) @ 3.bce02449.chunk.js:2
(anonymous) @ TabScrollButton.js:28
Lu @ react-is.production.min.js:262
t.unstable_runWithPriority @ index.js:18
Ki @ react-is.production.min.js:122
Iu @ react-is.production.min.js:261
yu @ react-is.production.min.js:243
(anonymous) @ react-is.production.min.js:123
t.unstable_runWithPriority @ index.js:18
Ki @ react-is.production.min.js:122
Yi @ react-is.production.min.js:123
$i @ react-is.production.min.js:122
wu @ react-is.production.min.js:244
notify @ Subscription.js:19
t.notifyNestedSubs @ Subscription.js:90
t.handleChangeWrapper @ Subscription.js:95
g @ MenuItem.js:296
(anonymous) @ inheritsLoose.js:1326
(anonymous) @ inheritsLoose.js:1224
(anonymous) @ inheritsLoose.js:1184
(anonymous) @ inheritsLoose.js:1098
(anonymous) @ inheritsLoose.js:1047
(anonymous) @ inheritsLoose.js:1009
(anonymous) @ inheritsLoose.js:1384
(anonymous) @ inheritsLoose.js:1418
(anonymous) @ redux-toolkit.esm.js:20
dispatch @ MenuItem.js:691
(anonymous) @ dinero.js:1144
(anonymous) @ dinero.js:38
(anonymous) @ dinero.js:19
n @ dinero.js:72
Promise.then (async)
i @ dinero.js:86
(anonymous) @ dinero.js:87
(anonymous) @ dinero.js:69
P.Object.assign.pending @ dinero.js:1095
(anonymous) @ redux-toolkit.esm.js:16
(anonymous) @ App.js:128
(anonymous) @ App.js:170
l @ hmac.js:63
(anonymous) @ hmac.js:293
(anonymous) @ hmac.js:118
r @ objectWithoutProperties.js:3
s @ objectWithoutProperties.js:25
(anonymous) @ objectWithoutProperties.js:32
(anonymous) @ objectWithoutProperties.js:21
(anonymous) @ listItemTextClasses.js:11
Lu @ react-is.production.min.js:262
t.unstable_runWithPriority @ index.js:18
Ki @ react-is.production.min.js:122
Iu @ react-is.production.min.js:261
yu @ react-is.production.min.js:243
(anonymous) @ react-is.production.min.js:123
t.unstable_runWithPriority @ index.js:18
Ki @ react-is.production.min.js:122
Yi @ react-is.production.min.js:123
$i @ react-is.production.min.js:122
Su @ react-is.production.min.js:244
ac @ react-is.production.min.js:289
t.render @ react-is.production.min.js:296
996 @ index.js:32
a @ (index):1
r @ (index):1
t @ (index):1
(anonymous) @ main.f0488a1b.chunk.js:1
Show 82 more frames
VM7026:1          GET https://api.develop.greensparksoftware.com/inbound-tickets? net::ERR_CERT_COMMON_NAME_INVALID
(anonymous) @ VM7026:1
t.<computed>.t.<computed> @ utils.js:100
(anonymous) @ chainPropTypes.js:158
E @ inheritsLoose.js:165
(anonymous) @ inheritsLoose.js:258
(anonymous) @ inheritsLoose.js:23
(anonymous) @ inheritsLoose.js:4
o @ inheritsLoose.js:70
Promise.then (async)
s @ inheritsLoose.js:84
(anonymous) @ inheritsLoose.js:85
S @ inheritsLoose.js:67
(anonymous) @ inheritsLoose.js:215
(anonymous) @ inheritsLoose.js:655
(anonymous) @ inheritsLoose.js:23
(anonymous) @ inheritsLoose.js:4
(anonymous) @ inheritsLoose.js:85
S @ inheritsLoose.js:67
f @ inheritsLoose.js:637
(anonymous) @ dinero.js:1112
(anonymous) @ dinero.js:38
(anonymous) @ dinero.js:19
(anonymous) @ dinero.js:87
(anonymous) @ dinero.js:69
P.Object.assign.pending @ dinero.js:1095
(anonymous) @ redux-toolkit.esm.js:16
dispatch @ MenuItem.js:691
(anonymous) @ inheritsLoose.js:1472
(anonymous) @ redux-toolkit.esm.js:16
(anonymous) @ ReactPropTypesSecret.js:106
Lu @ react-is.production.min.js:262
t.unstable_runWithPriority @ index.js:18
Ki @ react-is.production.min.js:122
Iu @ react-is.production.min.js:261
yu @ react-is.production.min.js:243
(anonymous) @ react-is.production.min.js:123
t.unstable_runWithPriority @ index.js:18
Ki @ react-is.production.min.js:122
Yi @ react-is.production.min.js:123
$i @ react-is.production.min.js:122
pu @ react-is.production.min.js:237
Da @ react-is.production.min.js:170
(anonymous) @ TabScrollButton.js:42
(anonymous) @ 3.bce02449.chunk.js:2
(anonymous) @ 3.bce02449.chunk.js:2
a @ 3.bce02449.chunk.js:2
Promise.then (async)
u @ 3.bce02449.chunk.js:2
(anonymous) @ 3.bce02449.chunk.js:2
k @ 3.bce02449.chunk.js:2
(anonymous) @ 3.bce02449.chunk.js:2
(anonymous) @ TabScrollButton.js:28
Lu @ react-is.production.min.js:262
t.unstable_runWithPriority @ index.js:18
Ki @ react-is.production.min.js:122
Iu @ react-is.production.min.js:261
yu @ react-is.production.min.js:243
(anonymous) @ react-is.production.min.js:123
t.unstable_runWithPriority @ index.js:18
Ki @ react-is.production.min.js:122
Yi @ react-is.production.min.js:123
$i @ react-is.production.min.js:122
wu @ react-is.production.min.js:244
notify @ Subscription.js:19
t.notifyNestedSubs @ Subscription.js:90
t.handleChangeWrapper @ Subscription.js:95
g @ MenuItem.js:296
(anonymous) @ inheritsLoose.js:1326
(anonymous) @ inheritsLoose.js:1224
(anonymous) @ inheritsLoose.js:1184
(anonymous) @ inheritsLoose.js:1098
(anonymous) @ inheritsLoose.js:1047
(anonymous) @ inheritsLoose.js:1009
(anonymous) @ inheritsLoose.js:1384
(anonymous) @ inheritsLoose.js:1418
(anonymous) @ redux-toolkit.esm.js:20
dispatch @ MenuItem.js:691
(anonymous) @ dinero.js:1144
(anonymous) @ dinero.js:38
(anonymous) @ dinero.js:19
n @ dinero.js:72
Promise.then (async)
i @ dinero.js:86
(anonymous) @ dinero.js:87
(anonymous) @ dinero.js:69
P.Object.assign.pending @ dinero.js:1095
(anonymous) @ redux-toolkit.esm.js:16
(anonymous) @ App.js:128
(anonymous) @ App.js:170
l @ hmac.js:63
(anonymous) @ hmac.js:293
(anonymous) @ hmac.js:118
r @ objectWithoutProperties.js:3
s @ objectWithoutProperties.js:25
(anonymous) @ objectWithoutProperties.js:32
(anonymous) @ objectWithoutProperties.js:21
(anonymous) @ listItemTextClasses.js:11
Lu @ react-is.production.min.js:262
t.unstable_runWithPriority @ index.js:18
Ki @ react-is.production.min.js:122
Iu @ react-is.production.min.js:261
yu @ react-is.production.min.js:243
(anonymous) @ react-is.production.min.js:123
t.unstable_runWithPriority @ index.js:18
Ki @ react-is.production.min.js:122
Yi @ react-is.production.min.js:123
$i @ react-is.production.min.js:122
Su @ react-is.production.min.js:244
ac @ react-is.production.min.js:289
t.render @ react-is.production.min.js:296
996 @ index.js:32
a @ (index):1
r @ (index):1
t @ (index):1
(anonymous) @ main.f0488a1b.chunk.js:1
Show 82 more frames
VM7026:1          GET https://api.develop.greensparksoftware.com/inbound-tickets? net::ERR_CERT_COMMON_NAME_INVALID
(anonymous) @ VM7026:1
t.<computed>.t.<computed> @ utils.js:100
(anonymous) @ chainPropTypes.js:158
E @ inheritsLoose.js:165
(anonymous) @ inheritsLoose.js:258
(anonymous) @ inheritsLoose.js:23
(anonymous) @ inheritsLoose.js:4
o @ inheritsLoose.js:70
Promise.then (async)
s @ inheritsLoose.js:84
(anonymous) @ inheritsLoose.js:85
S @ inheritsLoose.js:67
(anonymous) @ inheritsLoose.js:215
(anonymous) @ inheritsLoose.js:655
(anonymous) @ inheritsLoose.js:23
(anonymous) @ inheritsLoose.js:4
(anonymous) @ inheritsLoose.js:85
S @ inheritsLoose.js:67
f @ inheritsLoose.js:637
(anonymous) @ dinero.js:1112
(anonymous) @ dinero.js:38
(anonymous) @ dinero.js:19
(anonymous) @ dinero.js:87
(anonymous) @ dinero.js:69
P.Object.assign.pending @ dinero.js:1095
(anonymous) @ redux-toolkit.esm.js:16
dispatch @ MenuItem.js:691
(anonymous) @ inheritsLoose.js:1472
(anonymous) @ redux-toolkit.esm.js:16
(anonymous) @ ReactPropTypesSecret.js:106
Lu @ react-is.production.min.js:262
t.unstable_runWithPriority @ index.js:18
Ki @ react-is.production.min.js:122
Iu @ react-is.production.min.js:261
yu @ react-is.production.min.js:243
(anonymous) @ react-is.production.min.js:123
t.unstable_runWithPriority @ index.js:18
Ki @ react-is.production.min.js:122
Yi @ react-is.production.min.js:123
$i @ react-is.production.min.js:122
wu @ react-is.production.min.js:244
notify @ Subscription.js:19
t.notifyNestedSubs @ Subscription.js:90
t.handleChangeWrapper @ Subscription.js:95
g @ MenuItem.js:296
(anonymous) @ inheritsLoose.js:1326
(anonymous) @ inheritsLoose.js:1224
(anonymous) @ inheritsLoose.js:1184
(anonymous) @ inheritsLoose.js:1098
(anonymous) @ inheritsLoose.js:1047
(anonymous) @ inheritsLoose.js:1009
(anonymous) @ inheritsLoose.js:1384
(anonymous) @ inheritsLoose.js:1418
(anonymous) @ redux-toolkit.esm.js:20
(anonymous) @ App.js:158
l @ hmac.js:63
(anonymous) @ hmac.js:293
(anonymous) @ hmac.js:118
r @ objectWithoutProperties.js:3
s @ objectWithoutProperties.js:25
Promise.then (async)
r @ objectWithoutProperties.js:13
s @ objectWithoutProperties.js:25
(anonymous) @ objectWithoutProperties.js:32
(anonymous) @ objectWithoutProperties.js:21
(anonymous) @ App.js:146
(anonymous) @ App.js:176
l @ hmac.js:63
(anonymous) @ hmac.js:293
(anonymous) @ hmac.js:118
r @ objectWithoutProperties.js:3
s @ objectWithoutProperties.js:25
(anonymous) @ objectWithoutProperties.js:32
(anonymous) @ objectWithoutProperties.js:21
(anonymous) @ App.js:173
(anonymous) @ listItemTextClasses.js:11
Lu @ react-is.production.min.js:262
t.unstable_runWithPriority @ index.js:18
Ki @ react-is.production.min.js:122
Iu @ react-is.production.min.js:261
yu @ react-is.production.min.js:243
(anonymous) @ react-is.production.min.js:123
t.unstable_runWithPriority @ index.js:18
Ki @ react-is.production.min.js:122
Yi @ react-is.production.min.js:123
$i @ react-is.production.min.js:122
Su @ react-is.production.min.js:244
ac @ react-is.production.min.js:289
t.render @ react-is.production.min.js:296
996 @ index.js:32
a @ (index):1
r @ (index):1
t @ (index):1
(anonymous) @ main.f0488a1b.chunk.js:1
Show 62 more frames
VM7026:1          GET https://api.develop.greensparksoftware.com/devices? net::ERR_CERT_COMMON_NAME_INVALID
(anonymous) @ VM7026:1
t.<computed>.t.<computed> @ utils.js:100
(anonymous) @ chainPropTypes.js:158
E @ inheritsLoose.js:165
(anonymous) @ inheritsLoose.js:258
(anonymous) @ inheritsLoose.js:23
(anonymous) @ inheritsLoose.js:4
o @ inheritsLoose.js:70
Promise.then (async)
s @ inheritsLoose.js:84
(anonymous) @ inheritsLoose.js:85
S @ inheritsLoose.js:67
(anonymous) @ inheritsLoose.js:215
(anonymous) @ inheritsLoose.js:655
(anonymous) @ inheritsLoose.js:23
(anonymous) @ inheritsLoose.js:4
(anonymous) @ inheritsLoose.js:85
S @ inheritsLoose.js:67
f @ inheritsLoose.js:637
(anonymous) @ dinero.js:1112
(anonymous) @ dinero.js:38
(anonymous) @ dinero.js:19
(anonymous) @ dinero.js:87
(anonymous) @ dinero.js:69
P.Object.assign.pending @ dinero.js:1095
(anonymous) @ redux-toolkit.esm.js:16
dispatch @ MenuItem.js:691
(anonymous) @ inheritsLoose.js:1472
(anonymous) @ redux-toolkit.esm.js:16
(anonymous) @ ReactPropTypesSecret.js:106
Lu @ react-is.production.min.js:262
t.unstable_runWithPriority @ index.js:18
Ki @ react-is.production.min.js:122
Iu @ react-is.production.min.js:261
yu @ react-is.production.min.js:243
(anonymous) @ react-is.production.min.js:123
t.unstable_runWithPriority @ index.js:18
Ki @ react-is.production.min.js:122
Yi @ react-is.production.min.js:123
$i @ react-is.production.min.js:122
wu @ react-is.production.min.js:244
notify @ Subscription.js:19
t.notifyNestedSubs @ Subscription.js:90
t.handleChangeWrapper @ Subscription.js:95
g @ MenuItem.js:296
(anonymous) @ inheritsLoose.js:1326
(anonymous) @ inheritsLoose.js:1224
(anonymous) @ inheritsLoose.js:1184
(anonymous) @ inheritsLoose.js:1098
(anonymous) @ inheritsLoose.js:1047
(anonymous) @ inheritsLoose.js:1009
(anonymous) @ inheritsLoose.js:1384
(anonymous) @ inheritsLoose.js:1418
(anonymous) @ redux-toolkit.esm.js:20
(anonymous) @ App.js:158
l @ hmac.js:63
(anonymous) @ hmac.js:293
(anonymous) @ hmac.js:118
r @ objectWithoutProperties.js:3
s @ objectWithoutProperties.js:25
Promise.then (async)
r @ objectWithoutProperties.js:13
s @ objectWithoutProperties.js:25
(anonymous) @ objectWithoutProperties.js:32
(anonymous) @ objectWithoutProperties.js:21
(anonymous) @ App.js:146
(anonymous) @ App.js:176
l @ hmac.js:63
(anonymous) @ hmac.js:293
(anonymous) @ hmac.js:118
r @ objectWithoutProperties.js:3
s @ objectWithoutProperties.js:25
(anonymous) @ objectWithoutProperties.js:32
(anonymous) @ objectWithoutProperties.js:21
(anonymous) @ App.js:173
(anonymous) @ listItemTextClasses.js:11
Lu @ react-is.production.min.js:262
t.unstable_runWithPriority @ index.js:18
Ki @ react-is.production.min.js:122
Iu @ react-is.production.min.js:261
yu @ react-is.production.min.js:243
(anonymous) @ react-is.production.min.js:123
t.unstable_runWithPriority @ index.js:18
Ki @ react-is.production.min.js:122
Yi @ react-is.production.min.js:123
$i @ react-is.production.min.js:122
Su @ react-is.production.min.js:244
ac @ react-is.production.min.js:289
t.render @ react-is.production.min.js:296
996 @ index.js:32
a @ (index):1
r @ (index):1
t @ (index):1
(anonymous) @ main.f0488a1b.chunk.js:1
Show 62 more frames
VM7026:1          GET https://api.develop.greensparksoftware.com/inbound-tickets? net::ERR_CERT_COMMON_NAME_INVALID
(anonymous) @ VM7026:1
t.<computed>.t.<computed> @ utils.js:100
(anonymous) @ chainPropTypes.js:158
E @ inheritsLoose.js:165
(anonymous) @ inheritsLoose.js:258
(anonymous) @ inheritsLoose.js:23
(anonymous) @ inheritsLoose.js:4
o @ inheritsLoose.js:70
Promise.then (async)
s @ inheritsLoose.js:84
(anonymous) @ inheritsLoose.js:85
S @ inheritsLoose.js:67
(anonymous) @ inheritsLoose.js:215
(anonymous) @ inheritsLoose.js:655
(anonymous) @ inheritsLoose.js:23
(anonymous) @ inheritsLoose.js:4
(anonymous) @ inheritsLoose.js:85
S @ inheritsLoose.js:67
f @ inheritsLoose.js:637
(anonymous) @ dinero.js:1112
(anonymous) @ dinero.js:38
(anonymous) @ dinero.js:19
(anonymous) @ dinero.js:87
(anonymous) @ dinero.js:69
P.Object.assign.pending @ dinero.js:1095
(anonymous) @ redux-toolkit.esm.js:16
dispatch @ MenuItem.js:691
(anonymous) @ inheritsLoose.js:1472
(anonymous) @ redux-toolkit.esm.js:16
(anonymous) @ ReactPropTypesSecret.js:106
Lu @ react-is.production.min.js:262
t.unstable_runWithPriority @ index.js:18
Ki @ react-is.production.min.js:122
Iu @ react-is.production.min.js:261
yu @ react-is.production.min.js:243
(anonymous) @ react-is.production.min.js:123
t.unstable_runWithPriority @ index.js:18
Ki @ react-is.production.min.js:122
Yi @ react-is.production.min.js:123
$i @ react-is.production.min.js:122
wu @ react-is.production.min.js:244
notify @ Subscription.js:19
t.notifyNestedSubs @ Subscription.js:90
t.handleChangeWrapper @ Subscription.js:95
g @ MenuItem.js:296
(anonymous) @ inheritsLoose.js:1326
(anonymous) @ inheritsLoose.js:1224
(anonymous) @ inheritsLoose.js:1184
(anonymous) @ inheritsLoose.js:1098
(anonymous) @ inheritsLoose.js:1047
(anonymous) @ inheritsLoose.js:1009
(anonymous) @ inheritsLoose.js:1384
(anonymous) @ inheritsLoose.js:1418
(anonymous) @ redux-toolkit.esm.js:20
dispatch @ MenuItem.js:691
(anonymous) @ dinero.js:1144
(anonymous) @ dinero.js:38
(anonymous) @ dinero.js:19
r @ dinero.js:80
Promise.then (async)
i @ dinero.js:86
(anonymous) @ dinero.js:87
(anonymous) @ dinero.js:69
P.Object.assign.pending @ dinero.js:1095
(anonymous) @ redux-toolkit.esm.js:16
dispatch @ MenuItem.js:691
(anonymous) @ inheritsLoose.js:1472
(anonymous) @ redux-toolkit.esm.js:16
(anonymous) @ ReactPropTypesSecret.js:106
Lu @ react-is.production.min.js:262
t.unstable_runWithPriority @ index.js:18
Ki @ react-is.production.min.js:122
Iu @ react-is.production.min.js:261
yu @ react-is.production.min.js:243
(anonymous) @ react-is.production.min.js:123
t.unstable_runWithPriority @ index.js:18
Ki @ react-is.production.min.js:122
Yi @ react-is.production.min.js:123
$i @ react-is.production.min.js:122
wu @ react-is.production.min.js:244
notify @ Subscription.js:19
t.notifyNestedSubs @ Subscription.js:90
t.handleChangeWrapper @ Subscription.js:95
g @ MenuItem.js:296
(anonymous) @ inheritsLoose.js:1326
(anonymous) @ inheritsLoose.js:1224
(anonymous) @ inheritsLoose.js:1184
(anonymous) @ inheritsLoose.js:1098
(anonymous) @ inheritsLoose.js:1047
(anonymous) @ inheritsLoose.js:1009
(anonymous) @ inheritsLoose.js:1384
(anonymous) @ inheritsLoose.js:1418
(anonymous) @ redux-toolkit.esm.js:20
(anonymous) @ App.js:158
l @ hmac.js:63
(anonymous) @ hmac.js:293
(anonymous) @ hmac.js:118
r @ objectWithoutProperties.js:3
s @ objectWithoutProperties.js:25
Promise.then (async)
r @ objectWithoutProperties.js:13
s @ objectWithoutProperties.js:25
(anonymous) @ objectWithoutProperties.js:32
(anonymous) @ objectWithoutProperties.js:21
(anonymous) @ App.js:146
(anonymous) @ App.js:176
l @ hmac.js:63
(anonymous) @ hmac.js:293
(anonymous) @ hmac.js:118
r @ objectWithoutProperties.js:3
s @ objectWithoutProperties.js:25
(anonymous) @ objectWithoutProperties.js:32
(anonymous) @ objectWithoutProperties.js:21
(anonymous) @ App.js:173
(anonymous) @ listItemTextClasses.js:11
Lu @ react-is.production.min.js:262
t.unstable_runWithPriority @ index.js:18
Ki @ react-is.production.min.js:122
Iu @ react-is.production.min.js:261
yu @ react-is.production.min.js:243
(anonymous) @ react-is.production.min.js:123
t.unstable_runWithPriority @ index.js:18
Ki @ react-is.production.min.js:122
Yi @ react-is.production.min.js:123
$i @ react-is.production.min.js:122
Su @ react-is.production.min.js:244
ac @ react-is.production.min.js:289
t.render @ react-is.production.min.js:296
996 @ index.js:32
a @ (index):1
r @ (index):1
t @ (index):1
(anonymous) @ main.f0488a1b.chunk.js:1
Show 100 more frames
